<?xml version="1.0" encoding="UTF-8" ?>
<testsuite failures="0" time="0.004" errors="0" skipped="0" tests="4" name="ch.eth.coap.test.TokenEqualityTest">
  <properties>
[...]
</properties>
  <testcase time="0" classname="ch.eth.coap.test.TokenEqualityTest" name="testEmptyToken"/>
  <testcase time="0" classname="ch.eth.coap.test.TokenEqualityTest" name="testOneByteToken"/>
  <testcase time="0.001" classname="ch.eth.coap.test.TokenEqualityTest" name="testTwoByteToken"/>
  <testcase time="0" classname="ch.eth.coap.test.TokenEqualityTest" name="testFourByteToken"/>
</testsuite>